# JRE version: Java(TM) SE Runtime Environment (9.0+11) (build 9.0.4+11)
# Java VM: Java HotSpot(TM) 64-Bit Server VM (9.0.4+11, mixed mode, tiered, compressed oops, g1 gc, windows-amd64)
Heap:
 garbage-first heap   total 533504K, used 369492K [0x0000000700000000, 0x0000000700101048, 0x00000007c0000000)
  region size 1024K, 11 young (11264K), 1 survivors (1024K)
 Metaspace       used 107904K, capacity 110959K, committed 118576K, reserved 1150976K
  class space    used 15257K, capacity 15860K, committed 17456K, reserved 1048576K
GC Heap History (10 events):
Event: 6431.128 GC heap before
{Heap before GC invocations=1273 (full 20):
 garbage-first heap   total 533504K, used 420627K [0x0000000700000000, 0x0000000700101048, 0x00000007c0000000)
  region size 1024K, 60 young (61440K), 3 survivors (3072K)
 Metaspace       used 107902K, capacity 110959K, committed 118576K, reserved 1150976K
  class space    used 15257K, capacity 15860K, committed 17456K, reserved 1048576K
}
Event: 6431.135 GC heap after
{Heap after GC invocations=1274 (full 20):
 garbage-first heap   total 533504K, used 360624K [0x0000000700000000, 0x0000000700101048, 0x00000007c0000000)
  region size 1024K, 2 young (2048K), 2 survivors (2048K)
 Metaspace       used 107902K, capacity 110959K, committed 118576K, reserved 1150976K
  class space    used 15257K, capacity 15860K, committed 17456K, reserved 1048576K
}
Event: 6438.046 GC heap before
{Heap before GC invocations=1274 (full 20):
 garbage-first heap   total 533504K, used 420016K [0x0000000700000000, 0x0000000700101048, 0x00000007c0000000)
  region size 1024K, 60 young (61440K), 2 survivors (2048K)
 Metaspace       used 107902K, capacity 110959K, committed 118576K, reserved 1150976K
  class space    used 15257K, capacity 15860K, committed 17456K, reserved 1048576K
}
Event: 6438.055 GC heap after
{Heap after GC invocations=1275 (full 20):
 garbage-first heap   total 533504K, used 360441K [0x0000000700000000, 0x0000000700101048, 0x00000007c0000000)
  region size 1024K, 2 young (2048K), 2 survivors (2048K)
 Metaspace       used 107902K, capacity 110959K, committed 118576K, reserved 1150976K
  class space    used 15257K, capacity 15860K, committed 17456K, reserved 1048576K
}
Event: 6445.112 GC heap before
{Heap before GC invocations=1275 (full 20):
 garbage-first heap   total 533504K, used 419833K [0x0000000700000000, 0x0000000700101048, 0x00000007c0000000)
  region size 1024K, 60 young (61440K), 2 survivors (2048K)
 Metaspace       used 107904K, capacity 110959K, committed 118576K, reserved 1150976K
  class space    used 15257K, capacity 15860K, committed 17456K, reserved 1048576K
}
Event: 6445.125 GC heap after
{Heap after GC invocations=1276 (full 20):
 garbage-first heap   total 533504K, used 360442K [0x0000000700000000, 0x0000000700101048, 0x00000007c0000000)
  region size 1024K, 2 young (2048K), 2 survivors (2048K)
 Metaspace       used 107904K, capacity 110959K, committed 118576K, reserved 1150976K
  class space    used 15257K, capacity 15860K, committed 17456K, reserved 1048576K
}
Event: 6449.218 GC heap before
{Heap before GC invocations=1276 (full 20):
 garbage-first heap   total 533504K, used 419834K [0x0000000700000000, 0x0000000700101048, 0x00000007c0000000)
  region size 1024K, 60 young (61440K), 2 survivors (2048K)
 Metaspace       used 107904K, capacity 110959K, committed 118576K, reserved 1150976K
  class space    used 15257K, capacity 15860K, committed 17456K, reserved 1048576K
}
Event: 6449.224 GC heap after
{Heap after GC invocations=1277 (full 20):
 garbage-first heap   total 533504K, used 360377K [0x0000000700000000, 0x0000000700101048, 0x00000007c0000000)
  region size 1024K, 2 young (2048K), 2 survivors (2048K)
 Metaspace       used 107904K, capacity 110959K, committed 118576K, reserved 1150976K
  class space    used 15257K, capacity 15860K, committed 17456K, reserved 1048576K
}
Event: 6449.745 GC heap before
{Heap before GC invocations=1277 (full 20):
 garbage-first heap   total 533504K, used 419769K [0x0000000700000000, 0x0000000700101048, 0x00000007c0000000)
  region size 1024K, 60 young (61440K), 2 survivors (2048K)
 Metaspace       used 107904K, capacity 110959K, committed 118576K, reserved 1150976K
  class space    used 15257K, capacity 15860K, committed 17456K, reserved 1048576K
}
Event: 6449.750 GC heap after
{Heap after GC invocations=1278 (full 20):
 garbage-first heap   total 533504K, used 360276K [0x0000000700000000, 0x0000000700101048, 0x00000007c0000000)
  region size 1024K, 1 young (1024K), 1 survivors (1024K)
 Metaspace       used 107904K, capacity 110959K, committed 118576K, reserved 1150976K
  class space    used 15257K, capacity 15860K, committed 17456K, reserved 1048576K
}

