# JRE version: Java(TM) SE Runtime Environment (9.0+11) (build 9.0.4+11)
# Java VM: Java HotSpot(TM) 64-Bit Server VM (9.0.4+11, mixed mode, tiered, compressed oops, g1 gc, windows-amd64)
Heap:
 garbage-first heap   total 586752K, used 189757K [0x0000000700000000, 0x00000007001011e8, 0x00000007c0000000)
  region size 1024K, 27 young (27648K), 1 survivors (1024K)
 Metaspace       used 96124K, capacity 99055K, committed 104368K, reserved 1138688K
  class space    used 13060K, capacity 13640K, committed 14768K, reserved 1048576K
GC Heap History (10 events):
Event: 30618.673 GC heap before
{Heap before GC invocations=1006 (full 31):
 garbage-first heap   total 483328K, used 223106K [0x0000000700000000, 0x0000000700100ec0, 0x00000007c0000000)
  region size 1024K, 60 young (61440K), 2 survivors (2048K)
 Metaspace       used 96100K, capacity 98991K, committed 104368K, reserved 1138688K
  class space    used 13060K, capacity 13640K, committed 14768K, reserved 1048576K
}
Event: 30618.679 GC heap after
{Heap after GC invocations=1007 (full 31):
 garbage-first heap   total 483328K, used 163914K [0x0000000700000000, 0x0000000700100ec0, 0x00000007c0000000)
  region size 1024K, 2 young (2048K), 2 survivors (2048K)
 Metaspace       used 96100K, capacity 98991K, committed 104368K, reserved 1138688K
  class space    used 13060K, capacity 13640K, committed 14768K, reserved 1048576K
}
Event: 30619.086 GC heap before
{Heap before GC invocations=1007 (full 31):
 garbage-first heap   total 483328K, used 223306K [0x0000000700000000, 0x0000000700100ec0, 0x00000007c0000000)
  region size 1024K, 60 young (61440K), 2 survivors (2048K)
 Metaspace       used 96120K, capacity 99055K, committed 104368K, reserved 1138688K
  class space    used 13060K, capacity 13640K, committed 14768K, reserved 1048576K
}
Event: 30619.092 GC heap after
{Heap after GC invocations=1008 (full 31):
 garbage-first heap   total 483328K, used 163793K [0x0000000700000000, 0x0000000700100ec0, 0x00000007c0000000)
  region size 1024K, 2 young (2048K), 2 survivors (2048K)
 Metaspace       used 96120K, capacity 99055K, committed 104368K, reserved 1138688K
  class space    used 13060K, capacity 13640K, committed 14768K, reserved 1048576K
}
Event: 30619.472 GC heap before
{Heap before GC invocations=1008 (full 31):
 garbage-first heap   total 483328K, used 223185K [0x0000000700000000, 0x0000000700100ec0, 0x00000007c0000000)
  region size 1024K, 60 young (61440K), 2 survivors (2048K)
 Metaspace       used 96120K, capacity 99055K, committed 104368K, reserved 1138688K
  class space    used 13060K, capacity 13640K, committed 14768K, reserved 1048576K
}
Event: 30619.476 GC heap after
{Heap after GC invocations=1009 (full 31):
 garbage-first heap   total 483328K, used 163786K [0x0000000700000000, 0x0000000700100ec0, 0x00000007c0000000)
  region size 1024K, 2 young (2048K), 2 survivors (2048K)
 Metaspace       used 96120K, capacity 99055K, committed 104368K, reserved 1138688K
  class space    used 13060K, capacity 13640K, committed 14768K, reserved 1048576K
}
Event: 30620.863 GC heap before
{Heap before GC invocations=1009 (full 31):
 garbage-first heap   total 483328K, used 223178K [0x0000000700000000, 0x0000000700100ec0, 0x00000007c0000000)
  region size 1024K, 60 young (61440K), 2 survivors (2048K)
 Metaspace       used 96120K, capacity 99055K, committed 104368K, reserved 1138688K
  class space    used 13060K, capacity 13640K, committed 14768K, reserved 1048576K
}
Event: 30620.870 GC heap after
{Heap after GC invocations=1010 (full 31):
 garbage-first heap   total 483328K, used 163897K [0x0000000700000000, 0x0000000700100ec0, 0x00000007c0000000)
  region size 1024K, 1 young (1024K), 1 survivors (1024K)
 Metaspace       used 96120K, capacity 99055K, committed 104368K, reserved 1138688K
  class space    used 13060K, capacity 13640K, committed 14768K, reserved 1048576K
}
Event: 30621.561 GC heap before
{Heap before GC invocations=1010 (full 31):
 garbage-first heap   total 483328K, used 224313K [0x0000000700000000, 0x0000000700100ec0, 0x00000007c0000000)
  region size 1024K, 60 young (61440K), 1 survivors (1024K)
 Metaspace       used 96120K, capacity 99055K, committed 104368K, reserved 1138688K
  class space    used 13060K, capacity 13640K, committed 14768K, reserved 1048576K
}
Event: 30621.570 GC heap after
{Heap after GC invocations=1011 (full 31):
 garbage-first heap   total 586752K, used 164157K [0x0000000700000000, 0x00000007001011e8, 0x00000007c0000000)
  region size 1024K, 1 young (1024K), 1 survivors (1024K)
 Metaspace       used 96120K, capacity 99055K, committed 104368K, reserved 1138688K
  class space    used 13060K, capacity 13640K, committed 14768K, reserved 1048576K
}

